[2026-07-06 08:21:27.230] [info] [core] [t1603072] spacegiraffe starting
[2026-07-06 08:21:27.230] [info] [core] [t1603072]   Game directory: ./extracted
[2026-07-06 08:21:27.230] [info] [core] [t1603072]   User data:      /home/jon/.local/share/spacegiraffe
[2026-07-06 08:21:27.230] [info] [core] [t1603072]   Cache root:     /home/jon/.local/share/spacegiraffe/cache
[2026-07-06 08:21:27.252] [info] [core] [t1603072] RenderDoc API initialized
[2026-07-06 08:21:27.351] [info] [core] [t1603072] Vulkan instance API version 1.4.350. Enabled layers and extensions:
[2026-07-06 08:21:27.351] [info] [core] [t1603072] * VK_EXT_debug_utils
[2026-07-06 08:21:27.351] [info] [core] [t1603072] * VK_KHR_surface
[2026-07-06 08:21:27.351] [info] [core] [t1603072] * VK_KHR_xcb_surface
[2026-07-06 08:21:27.351] [info] [gpu] [t1603072] Vulkan Info ({ General }, ID 1): While debugging through RenderDoc, debug output through validation layers is suppressed.
To show debug output look at the 'DebugOutputMute' capture option in RenderDoc's API, but be aware of false positives from the validation layers.
[2026-07-06 08:21:27.351] [warning] [core] [t1603072] Available Vulkan physical devices (use the 'vulkan_device' configuration variable to force a specific device):
[2026-07-06 08:21:27.351] [warning] [core] [t1603072] * 0: NVIDIA GeForce RTX 3060
[2026-07-06 08:21:27.352] [info] [core] [t1603072] Vulkan device 'NVIDIA GeForce RTX 3060': API 1.4.0, vendor 0x10DE, device 0x2503, driver version 0x988AC080
[2026-07-06 08:21:27.352] [info] [core] [t1603072] Enabled Vulkan device extensions:
[2026-07-06 08:21:27.352] [info] [core] [t1603072] * VK_EXT_custom_border_color
[2026-07-06 08:21:27.352] [info] [core] [t1603072] * VK_EXT_fragment_shader_interlock
[2026-07-06 08:21:27.352] [info] [core] [t1603072] * VK_EXT_memory_budget
[2026-07-06 08:21:27.352] [info] [core] [t1603072] * VK_EXT_non_seamless_cube_map
[2026-07-06 08:21:27.352] [info] [core] [t1603072] * VK_EXT_robustness2
[2026-07-06 08:21:27.352] [info] [core] [t1603072] * VK_KHR_swapchain
[2026-07-06 08:21:27.352] [info] [core] [t1603072] Vulkan device properties and enabled features:
[2026-07-06 08:21:27.352] [info] [core] [t1603072] * driverID: NvidiaProprietary
[2026-07-06 08:21:27.352] [info] [core] [t1603072] * driverName: NVIDIA
[2026-07-06 08:21:27.352] [info] [core] [t1603072] * driverInfo: 610.43.02
[2026-07-06 08:21:27.352] [info] [core] [t1603072] * conformanceVersion: 1.4.3.3
[2026-07-06 08:21:27.352] [info] [core] [t1603072] * maxImageDimension2D: 32768
[2026-07-06 08:21:27.352] [info] [core] [t1603072] * maxImageDimension3D: 16384
[2026-07-06 08:21:27.352] [info] [core] [t1603072] * maxImageDimensionCube: 32768
[2026-07-06 08:21:27.352] [info] [core] [t1603072] * maxImageArrayLayers: 2048
[2026-07-06 08:21:27.352] [info] [core] [t1603072] * maxStorageBufferRange: 4294967295
[2026-07-06 08:21:27.352] [info] [core] [t1603072] * maxSamplerAllocationCount: 4000
[2026-07-06 08:21:27.352] [info] [core] [t1603072] * maxPerStageDescriptorSamplers: 1048576
[2026-07-06 08:21:27.352] [info] [core] [t1603072] * maxPerStageDescriptorStorageBuffers: 1048576
[2026-07-06 08:21:27.352] [info] [core] [t1603072] * maxPerStageDescriptorSampledImages: 1048576
[2026-07-06 08:21:27.352] [info] [core] [t1603072] * maxPerStageResources: 4294967295
[2026-07-06 08:21:27.352] [info] [core] [t1603072] * maxVertexOutputComponents: 128
[2026-07-06 08:21:27.352] [info] [core] [t1603072] * maxTessellationEvaluationOutputComponents: 128
[2026-07-06 08:21:27.352] [info] [core] [t1603072] * maxGeometryInputComponents: 128
[2026-07-06 08:21:27.352] [info] [core] [t1603072] * maxGeometryOutputComponents: 128
[2026-07-06 08:21:27.352] [info] [core] [t1603072] * maxFragmentInputComponents: 128
[2026-07-06 08:21:27.352] [info] [core] [t1603072] * maxFragmentCombinedOutputResources: 4294967295
[2026-07-06 08:21:27.352] [info] [core] [t1603072] * maxSamplerAnisotropy: 16
[2026-07-06 08:21:27.352] [info] [core] [t1603072] * maxViewportDimensions[0]: 32768
[2026-07-06 08:21:27.352] [info] [core] [t1603072] * maxViewportDimensions[1]: 32768
[2026-07-06 08:21:27.352] [info] [core] [t1603072] * minUniformBufferOffsetAlignment: 64
[2026-07-06 08:21:27.352] [info] [core] [t1603072] * minStorageBufferOffsetAlignment: 16
[2026-07-06 08:21:27.352] [info] [core] [t1603072] * maxFramebufferWidth: 32768
[2026-07-06 08:21:27.352] [info] [core] [t1603072] * maxFramebufferHeight: 32768
[2026-07-06 08:21:27.352] [info] [core] [t1603072] * framebufferColorSampleCounts: { 1 | 2 | 4 | 8 }
[2026-07-06 08:21:27.352] [info] [core] [t1603072] * framebufferDepthSampleCounts: { 1 | 2 | 4 | 8 }
[2026-07-06 08:21:27.352] [info] [core] [t1603072] * framebufferStencilSampleCounts: { 1 | 2 | 4 | 8 | 16 }
[2026-07-06 08:21:27.352] [info] [core] [t1603072] * framebufferNoAttachmentsSampleCounts: { 1 | 2 | 4 | 8 | 16 }
[2026-07-06 08:21:27.352] [info] [core] [t1603072] * sampledImageColorSampleCounts: { 1 | 2 | 4 | 8 }
[2026-07-06 08:21:27.352] [info] [core] [t1603072] * sampledImageIntegerSampleCounts: { 1 | 2 | 4 | 8 }
[2026-07-06 08:21:27.352] [info] [core] [t1603072] * sampledImageDepthSampleCounts: { 1 | 2 | 4 | 8 }
[2026-07-06 08:21:27.352] [info] [core] [t1603072] * sampledImageStencilSampleCounts: { 1 | 2 | 4 | 8 | 16 }
[2026-07-06 08:21:27.352] [info] [core] [t1603072] * standardSampleLocations: 1
[2026-07-06 08:21:27.352] [info] [core] [t1603072] * optimalBufferCopyOffsetAlignment: 1
[2026-07-06 08:21:27.352] [info] [core] [t1603072] * optimalBufferCopyRowPitchAlignment: 1
[2026-07-06 08:21:27.352] [info] [core] [t1603072] * nonCoherentAtomSize: 64
[2026-07-06 08:21:27.352] [info] [core] [t1603072] * robustBufferAccess
[2026-07-06 08:21:27.352] [info] [core] [t1603072] * fullDrawIndexUint32
[2026-07-06 08:21:27.352] [info] [core] [t1603072] * independentBlend
[2026-07-06 08:21:27.352] [info] [core] [t1603072] * geometryShader
[2026-07-06 08:21:27.352] [info] [core] [t1603072] * tessellationShader
[2026-07-06 08:21:27.352] [info] [core] [t1603072] * sampleRateShading
[2026-07-06 08:21:27.352] [info] [core] [t1603072] * depthClamp
[2026-07-06 08:21:27.352] [info] [core] [t1603072] * fillModeNonSolid
[2026-07-06 08:21:27.352] [info] [core] [t1603072] * samplerAnisotropy
[2026-07-06 08:21:27.352] [info] [core] [t1603072] * occlusionQueryPrecise
[2026-07-06 08:21:27.352] [info] [core] [t1603072] * vertexPipelineStoresAndAtomics
[2026-07-06 08:21:27.352] [info] [core] [t1603072] * fragmentStoresAndAtomics
[2026-07-06 08:21:27.352] [info] [core] [t1603072] * shaderClipDistance
[2026-07-06 08:21:27.352] [info] [core] [t1603072] * shaderCullDistance
[2026-07-06 08:21:27.352] [info] [core] [t1603072] * sparseBinding
[2026-07-06 08:21:27.352] [info] [core] [t1603072] * sparseResidencyBuffer
[2026-07-06 08:21:27.352] [info] [core] [t1603072] * samplerMirrorClampToEdge
[2026-07-06 08:21:27.352] [info] [core] [t1603072] * uniformBufferStandardLayout
[2026-07-06 08:21:27.352] [info] [core] [t1603072] * scalarBlockLayout
[2026-07-06 08:21:27.352] [info] [core] [t1603072] * shaderDemoteToHelperInvocation
[2026-07-06 08:21:27.352] [info] [core] [t1603072] * dynamicRendering
[2026-07-06 08:21:27.352] [info] [core] [t1603072] * constantAlphaColorBlendFactors
[2026-07-06 08:21:27.352] [info] [core] [t1603072] * imageViewFormatReinterpretation
[2026-07-06 08:21:27.352] [info] [core] [t1603072] * imageViewFormatSwizzle
[2026-07-06 08:21:27.352] [info] [core] [t1603072] * pointPolygons
[2026-07-06 08:21:27.352] [info] [core] [t1603072] * separateStencilMaskRef
[2026-07-06 08:21:27.352] [info] [core] [t1603072] * shaderSampleRateInterpolationFunctions
[2026-07-06 08:21:27.352] [info] [core] [t1603072] * shaderSignedZeroInfNanPreserveFloat32: 1
[2026-07-06 08:21:27.352] [info] [core] [t1603072] * shaderDenormFlushToZeroFloat32: 0
[2026-07-06 08:21:27.352] [info] [core] [t1603072] * shaderRoundingModeRTEFloat32: 1
[2026-07-06 08:21:27.352] [info] [core] [t1603072] * fragmentShaderSampleInterlock
[2026-07-06 08:21:27.352] [info] [core] [t1603072] * fragmentShaderPixelInterlock
[2026-07-06 08:21:27.352] [info] [core] [t1603072] * nonSeamlessCubeMap
[2026-07-06 08:21:27.352] [info] [core] [t1603072] * customBorderColors
[2026-07-06 08:21:27.352] [info] [core] [t1603072] * customBorderColorWithoutFormat
[2026-07-06 08:21:27.352] [info] [core] [t1603072] * maxCustomBorderColorSamplers: 4000
[2026-07-06 08:21:27.352] [info] [core] [t1603072] * nullDescriptor
[2026-07-06 08:21:27.661] [info] [core] [t1603072] VulkanPresenter: Created 1280x720 swapchain with format 44, color space 0, presentation mode 0
[2026-07-06 08:21:27.665] [debug] [sys] [t1603072] Installed MMIO handler for physical address translation
[2026-07-06 08:21:27.665] [info] [sys] [t1603072] FunctionDispatcher initialized
[2026-07-06 08:21:27.665] [info] [core] [t1603072] SDL: Using version 3.5.0
[2026-07-06 08:21:27.665] [info] [core] [t1603072] MnK input driver initialized
[2026-07-06 08:21:27.665] [info] [sys] [t1603072] Input system initialized
[2026-07-06 08:21:27.668] [debug] [apu] [t1603072] XMA: Registered MMIO handlers at 0x7FEA0000-0x7FEAFFFF
[2026-07-06 08:21:27.724] [info] [sys] [t1603096] XThread::Execute thid 1 (handle=F8000010, 'XMA Decoder (F8000010)', native=C5A886C0, <host>)
[2026-07-06 08:21:27.725] [info] [sys] [t1603072] Audio system initialized
[2026-07-06 08:21:27.725] [info] [sys] [t1603097] XThread::Execute thid 2 (handle=F8000014, 'Audio Worker (F8000014)', native=B3FFF6C0, <host>)
[2026-07-06 08:21:27.725] [info] [sys] [t1603072]   Mounted /home/jon/Downloads/xbla-recomp-suite/games/spacegiraffe/./extracted at \Device\Harddisk0\Partition1
[2026-07-06 08:21:27.725] [debug] [fs] [t1603072] Registered symbolic link: game: => \Device\Harddisk0\Partition1
[2026-07-06 08:21:27.725] [debug] [fs] [t1603072] Registered symbolic link: d: => \Device\Harddisk0\Partition1
[2026-07-06 08:21:27.725] [debug] [sys] [t1603072]   Registered symbolic links: game:, d:
[2026-07-06 08:21:27.725] [debug] [sys] [t1603072]   Registered NullDevice for \Device\Harddisk0\{{Partition0,Cache0,Cache1}}
[2026-07-06 08:21:27.726] [info] [sys] [t1603098] XThread::Execute thid 3 (handle=F8000018, 'GPU Commands (F8000018)', native=B2FFE6C0, <host>)
[2026-07-06 08:21:27.727] [info] [sys] [t1603072] GPU system initialized (presentation=true)
[2026-07-06 08:21:27.727] [info] [sys] [t1603072] Runtime initialized successfully
[2026-07-06 08:21:27.727] [info] [sys] [t1603099] XThread::Execute thid 4 (handle=F800001C, 'GPU VSync (F800001C)', native=B1FFD6C0, <host>)
[2026-07-06 08:21:27.727] [debug] [sys] [t1603072] Initializing function table at 82440000, size 005A9968 for code 82090000-82354CB4 (+00010000 thunk reserve)
[2026-07-06 08:21:27.730] [info] [core] [t1603072] Function table initialized for module: code=82090000-82354CB4, image=82000000-82440000
[2026-07-06 08:21:27.731] [debug] [sys] [t1603072] Registered 7410 recompiled functions (0 duplicates, 0 rejected)
[2026-07-06 08:21:27.731] [debug] [sys] [t1603072] Runtime setup complete (code: 82090000-82354CB4, image: 82000000-82440000)
[2026-07-06 08:21:27.813] [info] [gpu] [t1603098] VulkanTextureCache: Format k_Cr_Y1_Cb_Y0_REP (unsigned) is supported via a fallback format (using the Vulkan format 37 instead of the preferred 1000156000)
[2026-07-06 08:21:27.813] [info] [gpu] [t1603098] VulkanTextureCache: Format k_Y1_Cr_Y0_Cb_REP (unsigned) is supported via a fallback format (using the Vulkan format 37 instead of the preferred 1000156001)
[2026-07-06 08:21:27.962] [warning] [core] [t1603072] SDL GameControllerDB: file 'gamecontrollerdb.txt' does not exist.
[2026-07-06 08:21:27.962] [info] [core] [t1603072] SDL input driver initialized successfully
[2026-07-06 08:21:27.962] [info] [sys] [t1603072] Loading XEX image: game:\default.xex
[2026-07-06 08:21:28.001] [debug] [core] [t1603072] created symbols for import library xam with 40 imports
[2026-07-06 08:21:28.001] [debug] [core] [t1603072] Patched variable import xboxkrnl:0x1c1 (VdHSIOCalibrationLock) -> 0xffcab000
[2026-07-06 08:21:28.001] [debug] [core] [t1603072] Patched variable import xboxkrnl:0x1c0 (VdGpuClockInMHz) -> 0xffcac000
[2026-07-06 08:21:28.001] [debug] [core] [t1603072] Patched variable import xboxkrnl:0x158 (XboxKrnlVersion) -> 0x30009000
[2026-07-06 08:21:28.001] [debug] [core] [t1603072] Patched variable import xboxkrnl:0x1be (VdGlobalDevice) -> 0xffcae000
[2026-07-06 08:21:28.001] [debug] [core] [t1603072] Patched variable import xboxkrnl:0x266 (KeCertMonitorData) -> 0x30003000
[2026-07-06 08:21:28.001] [debug] [core] [t1603072] Patched variable import xboxkrnl:0x193 (XexExecutableModuleHandle) -> 0x30006000
[2026-07-06 08:21:28.001] [debug] [core] [t1603072] Patched variable import xboxkrnl:0x1ae (ExLoadedCommandLine) -> 0x30008000
[2026-07-06 08:21:28.001] [debug] [core] [t1603072] Patched variable import xboxkrnl:0x59 (KeDebugMonitorData) -> 0x30002000
[2026-07-06 08:21:28.001] [debug] [core] [t1603072] Patched variable import xboxkrnl:0x1b (ExThreadObjectType) -> 0x30000000
[2026-07-06 08:21:28.001] [debug] [core] [t1603072] Patched variable import xboxkrnl:0xad (KeTimeStampBundle) -> 0x3000a000
[2026-07-06 08:21:28.001] [debug] [core] [t1603072] created symbols for import library xboxkrnl with 127 imports
[2026-07-06 08:21:28.002] [debug] [sys] [t1603072]   XEX image loaded successfully
[2026-07-06 08:21:28.002] [info] [sys] [t1603113] XThread::Execute thid 5 (handle=F8000024, 'Kernel Dispatch (F8000024)', native=95BF66C0, <host>)
[2026-07-06 08:21:28.005] [info] [sys] [t1603072] KernelState: Preparing module launch...
[2026-07-06 08:21:28.006] [debug] [sys] [t1603072]   Module prepared on thread ''
[2026-07-06 08:21:28.006] [info] [core] [t1603072] Initializing shader storage for title 5841080C...
[2026-07-06 08:21:28.007] [info] [gpu] [t1603114] SetInterruptCallback(820C2008, 40001600)
[2026-07-06 08:21:28.011] [debug] [krnl] [t1603114] XAudioRegisterRenderDriverClient called! callback_ptr=7018F240 driver_ptr=4000EF50
[2026-07-06 08:21:28.011] [debug] [apu] [t1603114] AudioSystem::RegisterClient: callback=82125AF8 callback_arg=4000D64C
[2026-07-06 08:21:28.011] [debug] [apu] [t1603114] AudioSystem::RegisterClient: using client index=0 queued_frames=8
[2026-07-06 08:21:28.023] [info] [core] [t1603072] VulkanPresenter: Created 516x683 swapchain with format 44, color space 0, presentation mode 0
[2026-07-06 08:21:28.037] [debug] [apu] [t1603097] AudioWorker: dispatching callback 82125AF8 with arg 30042000 for client 0
[2026-07-06 08:21:28.037] [debug] [krnl] [t1603114] XamNotifyCreateListener(mask=0x0000000000000021, is_system=0, max_version=2) -> handle=F8000054
[2026-07-06 08:21:28.037] [debug] [krnl] [t1603114] XMPCreateTitlePlaylist(7018F5D0, 00000003, 82000EB8(MyPlaylist), 00000000, 823AAB4C, 400121A0)
[2026-07-06 08:21:28.037] [debug] [krnl] [t1603114] XMPCreateTitlePlaylist(7018F5A0, 00000001, 82000EA0(MyPlaylist2), 00000000, 00000000, 40012340)
[2026-07-06 08:21:28.037] [debug] [krnl] [t1603114] XMPSetPlaybackBehavior(00000000, 00000000, 00000000)
[2026-07-06 08:21:28.037] [debug] [sys] [t1603114] BroadcastNotification(id=0xa000002, data=0) to 1 listeners
[2026-07-06 08:21:28.037] [debug] [krnl] [t1603114] XMPPlayTitlePlaylist(00000002, 00000000)
[2026-07-06 08:21:28.037] [warning] [krnl] [t1603114] Playlist playback not supported
[2026-07-06 08:21:28.037] [debug] [sys] [t1603114] BroadcastNotification(id=0xa000001, data=1) to 1 listeners
[2026-07-06 08:21:28.037] [debug] [sys] [t1603114] BroadcastNotification(id=0xa000002, data=1) to 1 listeners
[2026-07-06 08:21:28.037] [debug] [krnl] [t1603114] XMPCaptureOutput(...)
[2026-07-06 08:21:28.038] [debug] [krnl] [t1603097] XAudioSubmitRenderDriverFrame: driver=41550000 samples=4000D700
[2026-07-06 08:21:28.038] [debug] [apu] [t1603097] AudioSystem::SubmitFrame called: index=0 samples_ptr=4000D700
[2026-07-06 08:21:28.038] [debug] [apu] [t1603097] SDLAudioDriver::SubmitFrame: frame_ptr=4000D700 queued_count=1
[2026-07-06 08:21:28.038] [debug] [apu] [t1603097] AudioWorker: callback returned for client 0
[2026-07-06 08:21:28.038] [debug] [apu] [t1603097] AudioWorker: dispatching callback 82125AF8 with arg 30042000 for client 0
[2026-07-06 08:21:28.039] [debug] [krnl] [t1603097] XAudioSubmitRenderDriverFrame: driver=41550000 samples=4000D700
[2026-07-06 08:21:28.039] [debug] [apu] [t1603097] AudioSystem::SubmitFrame called: index=0 samples_ptr=4000D700
[2026-07-06 08:21:28.039] [debug] [apu] [t1603097] SDLAudioDriver::SubmitFrame: frame_ptr=4000D700 queued_count=2
[2026-07-06 08:21:28.039] [debug] [apu] [t1603097] AudioWorker: callback returned for client 0
[2026-07-06 08:21:28.039] [debug] [apu] [t1603097] AudioWorker: dispatching callback 82125AF8 with arg 30042000 for client 0
[2026-07-06 08:21:28.040] [debug] [krnl] [t1603097] XAudioSubmitRenderDriverFrame: driver=41550000 samples=4000D700
[2026-07-06 08:21:28.040] [debug] [apu] [t1603097] AudioSystem::SubmitFrame called: index=0 samples_ptr=4000D700
[2026-07-06 08:21:28.040] [debug] [apu] [t1603097] SDLAudioDriver::SubmitFrame: frame_ptr=4000D700 queued_count=3
[2026-07-06 08:21:28.040] [debug] [apu] [t1603097] AudioWorker: callback returned for client 0
[2026-07-06 08:21:28.040] [debug] [apu] [t1603097] AudioWorker: dispatching callback 82125AF8 with arg 30042000 for client 0
[2026-07-06 08:21:28.041] [debug] [krnl] [t1603097] XAudioSubmitRenderDriverFrame: driver=41550000 samples=4000D700
[2026-07-06 08:21:28.041] [debug] [apu] [t1603097] AudioSystem::SubmitFrame called: index=0 samples_ptr=4000D700
[2026-07-06 08:21:28.041] [debug] [apu] [t1603097] SDLAudioDriver::SubmitFrame: frame_ptr=4000D700 queued_count=4
[2026-07-06 08:21:28.041] [debug] [apu] [t1603097] AudioWorker: callback returned for client 0
[2026-07-06 08:21:28.041] [debug] [apu] [t1603097] AudioWorker: dispatching callback 82125AF8 with arg 30042000 for client 0
[2026-07-06 08:21:28.042] [debug] [krnl] [t1603097] XAudioSubmitRenderDriverFrame: driver=41550000 samples=4000D700
[2026-07-06 08:21:28.042] [debug] [apu] [t1603097] AudioSystem::SubmitFrame called: index=0 samples_ptr=4000D700
[2026-07-06 08:21:28.042] [debug] [apu] [t1603097] SDLAudioDriver::SubmitFrame: frame_ptr=4000D700 queued_count=5
[2026-07-06 08:21:28.042] [debug] [apu] [t1603097] AudioWorker: callback returned for client 0
[2026-07-06 08:21:28.042] [debug] [apu] [t1603097] AudioWorker: dispatching callback 82125AF8 with arg 30042000 for client 0
[2026-07-06 08:21:28.043] [debug] [krnl] [t1603097] XAudioSubmitRenderDriverFrame: driver=41550000 samples=4000D700
[2026-07-06 08:21:28.043] [debug] [apu] [t1603097] AudioSystem::SubmitFrame called: index=0 samples_ptr=4000D700
[2026-07-06 08:21:28.043] [debug] [apu] [t1603097] SDLAudioDriver::SubmitFrame: frame_ptr=4000D700 queued_count=6
[2026-07-06 08:21:28.043] [debug] [apu] [t1603097] AudioWorker: callback returned for client 0
[2026-07-06 08:21:28.043] [debug] [apu] [t1603097] AudioWorker: dispatching callback 82125AF8 with arg 30042000 for client 0
[2026-07-06 08:21:28.044] [debug] [krnl] [t1603097] XAudioSubmitRenderDriverFrame: driver=41550000 samples=4000D700
[2026-07-06 08:21:28.044] [debug] [apu] [t1603097] AudioSystem::SubmitFrame called: index=0 samples_ptr=4000D700
[2026-07-06 08:21:28.044] [debug] [apu] [t1603097] SDLAudioDriver::SubmitFrame: frame_ptr=4000D700 queued_count=7
[2026-07-06 08:21:28.044] [debug] [apu] [t1603097] AudioWorker: callback returned for client 0
[2026-07-06 08:21:28.044] [debug] [apu] [t1603097] AudioWorker: dispatching callback 82125AF8 with arg 30042000 for client 0
[2026-07-06 08:21:28.045] [debug] [krnl] [t1603097] XAudioSubmitRenderDriverFrame: driver=41550000 samples=4000D700
[2026-07-06 08:21:28.045] [debug] [apu] [t1603097] AudioSystem::SubmitFrame called: index=0 samples_ptr=4000D700
[2026-07-06 08:21:28.045] [debug] [apu] [t1603097] SDLAudioDriver::SubmitFrame: frame_ptr=4000D700 queued_count=8
[2026-07-06 08:21:28.045] [debug] [apu] [t1603097] AudioWorker: callback returned for client 0
[2026-07-06 08:21:28.046] [debug] [apu] [t1603097] AudioWorker: dispatching callback 82125AF8 with arg 30042000 for client 0
[2026-07-06 08:21:28.047] [error] [core] [t1603114] [SG-WA] sub_820F3FF0: held=40001600 has null method slot; skipping release for obj=7018E430
